Vibrational Frequency
36
 1.02526665e+02,  1.48476636e+02,  2.31609399e+02,  2.57719150e+02,  3.50755492e+02 
 4.45328677e+02,  5.41859837e+02,  6.19024200e+02,  7.09955558e+02,  9.02659637e+02 
 9.20756264e+02,  9.25979973e+02,  9.43301640e+02,  9.69089672e+02,  9.77160325e+02 
 1.02357191e+03,  1.05577770e+03,  1.25917271e+03,  1.25723926e+03,  1.30215774e+03 
 1.28354009e+03,  1.26577402e+03,  1.28944244e+03,  1.40409205e+03,  1.39886614e+03 
 1.67880109e+03,  1.66998464e+03,  1.68505154e+03,  3.16109024e+03,  3.17578842e+03 
 3.15978299e+03,  3.17401080e+03,  3.15759924e+03,  3.15804099e+03,  3.15554474e+03 
 3.15650381e+03 
Vibrational vector
Mode 1
42
 1.14584769e-06, -6.90029597e-06, -3.67829567e-01,  1.12018197e-06, -6.95084729e-06 
-3.67829669e-01,  6.64401814e-07, -3.07360643e-06, -1.62698722e-01,  5.21407827e-07 
-3.15657319e-06, -1.62698635e-01, -1.13384656e-06,  8.82630866e-06,  4.68933557e-01 
-1.95615944e-06,  8.96715997e-06,  4.68933509e-01,  2.93003738e-07, -1.79844826e-06 
-9.62143395e-02,  2.48035548e-07, -1.81427558e-06, -9.62144623e-02,  4.39489157e-07 
-2.35467182e-06, -1.23559291e-01,  5.57447399e-07, -2.46432493e-06, -1.23559181e-01 
-4.72328153e-07,  3.77207037e-06,  2.02741193e-01, -6.66386203e-07,  4.35042023e-06 
 2.29573002e-01, -6.66445090e-07,  3.79480479e-06,  2.02741271e-01, -9.81368037e-07 
 4.40895733e-06,  2.29572948e-01 
Mode 2
42
-3.22548693e-02,  3.96262644e-01, -7.80441487e-06, -3.22548477e-02,  3.96262681e-01 
-7.26175864e-06,  1.36551316e-01,  7.80914711e-02, -7.15340246e-07,  1.36551306e-01 
 7.80914838e-02, -1.36483549e-06, -9.86377188e-02, -4.08947348e-01,  7.25837740e-06 
-9.86378354e-02, -4.08947349e-01,  7.45873259e-06, -4.90354973e-02,  1.12352291e-01 
-2.61928500e-06, -4.90354710e-02,  1.12352307e-01, -1.90926503e-06,  1.50552464e-01 
 2.77514292e-02,  2.85379051e-07,  1.50552471e-01,  2.77514194e-02, -3.98020026e-07 
 4.46557101e-02, -2.34887562e-01,  4.65330658e-06, -1.65698625e-01, -1.30910622e-01 
 1.68675828e-06,  4.46556830e-02, -2.34887590e-01,  4.47512889e-06, -1.65698693e-01 
-1.30910590e-01,  2.20839664e-06 
Mode 3
42
 1.32337985e-06, -8.52285973e-06, -4.42106132e-01, -1.50941561e-06,  8.51508197e-06 
 4.42106041e-01,  9.48884716e-07, -6.12329271e-06, -3.21355096e-01, -1.17396518e-06 
 6.18753666e-06,  3.21355147e-01, -5.35530839e-07,  4.36042357e-06,  2.27333478e-01 
 9.56553553e-07, -4.42477970e-06, -2.27333427e-01,  9.45325683e-07, -5.97072111e-06 
-3.08879887e-01, -1.07405943e-06,  5.98627833e-06,  3.08879839e-01,  3.49565863e-07 
-2.33752164e-06, -1.22436248e-01, -5.26707224e-07,  2.38556295e-06,  1.22436304e-01 
-3.65421233e-07,  2.81127437e-06,  1.48159260e-01, -3.71226729e-07,  2.51703546e-06 
 1.31316456e-01,  4.39698324e-07, -2.81833720e-06, -1.48159242e-01,  5.68641131e-07 
-2.54634596e-06, -1.31316520e-01 
Mode 4
42
-9.83112999e-07,  6.62358155e-06,  3.31587899e-01, -1.18125439e-06,  6.22091896e-06 
 3.31588012e-01,  6.29861858e-07, -5.72674191e-06, -3.09753667e-01,  1.29306746e-06 
-6.41295370e-06, -3.09753617e-01, -4.47573692e-07,  2.52155811e-07,  2.16659894e-02 
 4.21045469e-07,  8.07150300e-07,  2.16659462e-02, -3.09920395e-07,  2.55764651e-06 
 1.28951228e-01, -5.68853563e-07,  2.43793508e-06,  1.28951309e-01,  9.87130664e-07 
-7.12137186e-06, -3.74550004e-01,  1.35459349e-06, -7.65793457e-06, -3.74550002e-01 
 5.34289398e-07, -4.16242284e-06, -2.09309518e-01, -1.07078315e-06,  5.80053861e-06 
 3.04804973e-01,  6.74724118e-07, -3.99098347e-06, -2.09309517e-01, -6.76528853e-07 
 6.04930294e-06,  3.04805019e-01 
Mode 5
42
 8.65248468e-02,  2.26951705e-01, -4.49211977e-06, -8.65248492e-02, -2.26951649e-01 
 3.58497033e-06, -2.49017917e-02,  3.80290199e-01, -7.08537753e-06,  2.49017610e-02 
-3.80290152e-01,  7.69425975e-06, -3.05538259e-01, -1.63964763e-01,  2.25592578e-06 
 3.05538280e-01,  1.63964678e-01, -2.06677396e-06,  1.30240121e-01,  7.00082303e-02 
-1.06912189e-06, -1.30240107e-01, -7.00082013e-02,  7.15546666e-07,  5.19033408e-02 
 1.11290804e-01, -1.61333874e-06, -5.19033352e-02, -1.11290782e-01,  2.35655515e-06 
 1.86377051e-02, -2.19527637e-01,  4.48300901e-06, -2.92730414e-01, -6.59813910e-02 
 1.52892779e-07, -1.86376767e-02,  2.19527602e-01, -4.13538709e-06,  2.92730411e-01 
 6.59813129e-02, -5.13639259e-07 
Mode 6
42
-1.59210515e-01, -2.15313187e-01,  3.29850307e-06,  1.59210488e-01,  2.15313251e-01 
-3.95558312e-06, -4.16921086e-01, -9.96505111e-02,  6.50369948e-07,  4.16921111e-01 
 9.96504755e-02, -4.65963418e-07, -3.96100292e-01,  6.61880934e-02, -2.29116761e-06 
 3.96100297e-01, -6.61881171e-02,  2.68626668e-06, -1.10913255e-01, -6.11748063e-02 
 6.91283057e-07,  1.10913220e-01,  6.11748155e-02, -9.74117987e-07, -1.92903181e-01 
-3.40710080e-02,  1.80388336e-07,  1.92903205e-01,  3.40709890e-02,  4.62793874e-08 
-1.33705104e-01,  4.65342919e-02, -1.10869336e-06, -9.11670261e-02,  2.21811230e-02 
-7.38730721e-07,  1.33705101e-01, -4.65342961e-02,  1.43136458e-06,  9.11670294e-02 
-2.21811231e-02,  7.39907186e-07 
Mode 7
42
 3.07281536e-01, -2.58705356e-01,  6.01891160e-06,  3.07281529e-01, -2.58705356e-01 
 6.11124749e-06, -3.83274022e-02,  3.18162546e-01, -6.17337243e-06, -3.83273041e-02 
 3.18162584e-01, -6.56016888e-06, -2.44869526e-01, -8.21964916e-03, -4.98518157e-07 
-2.44869504e-01, -8.21962855e-03, -7.43046257e-07,  2.24529909e-01, -6.79562828e-02 
 1.74627282e-06,  2.24529872e-01, -6.79562997e-02,  2.35666684e-06, -6.46164072e-02 
 8.62950882e-02, -2.12461203e-06, -6.46163820e-02,  8.62951070e-02, -1.75443249e-06 
 3.49203408e-02, -1.74251851e-01,  3.04034394e-06, -2.77941026e-01, -2.08887300e-02 
 4.28921895e-08,  3.49203500e-02, -1.74251874e-01,  3.97179669e-06, -2.77941055e-01 
-2.08886738e-02, -9.12704801e-07 
Mode 8
42
-2.53180274e-07,  5.12994182e-08, -1.00224342e-02, -2.61145729e-07,  4.76770659e-07 
 1.00224579e-02, -7.44560863e-07,  4.93001820e-06,  2.71078894e-01,  1.02769445e-06 
-5.62873175e-06, -2.71078905e-01,  2.31522684e-07, -7.52956852e-07, -3.80117390e-02 
 3.98263006e-08,  6.40661671e-07,  3.80117386e-02,  6.60081550e-07, -5.88085316e-06 
-3.06908714e-01, -1.24120737e-06,  6.04804958e-06,  3.06908695e-01,  5.16664935e-07 
-3.50432004e-06, -1.78739470e-01, -6.24025080e-07,  3.60709469e-06,  1.78739458e-01 
 1.16285999e-06, -8.40777631e-06, -4.48353459e-01, -5.93980108e-07,  6.02599730e-06 
 3.12744787e-01, -1.36548114e-06,  9.16478448e-06,  4.48353470e-01,  1.34652186e-06 
-6.07666069e-06, -3.12744813e-01 
Mode 9
42
 7.14516299e-07, -4.62095228e-06, -2.32989732e-01,  7.74753919e-07, -4.49071754e-06 
-2.32989759e-01, -9.66206483e-07,  7.46829541e-06,  3.84128445e-01, -1.43197901e-06 
 7.55837957e-06,  3.84128428e-01,  8.35413159e-08, -6.96128673e-07, -3.66110921e-02 
 1.61253883e-07, -6.68450601e-07, -3.66110807e-02,  3.66635323e-07, -2.30576183e-06 
-1.17593613e-01,  4.01013211e-07, -2.27702861e-06, -1.17593614e-01,  2.35316982e-07 
-1.84204067e-06, -9.72342692e-02,  4.34925962e-07, -2.04676804e-06, -9.72342340e-02 
 1.26503666e-06, -8.63967745e-06, -4.48840976e-01, -7.84367598e-07,  5.15938990e-06 
 2.68476773e-01,  1.29101944e-06, -8.97160039e-06, -4.48840973e-01, -9.17949118e-07 
 5.22166344e-06,  2.68476754e-01 
Mode 10
42
 1.26412631e-06, -8.46751192e-06, -4.38609470e-01, -1.58131107e-06,  8.43931212e-06 
 4.38609419e-01, -3.34752035e-07,  2.52587156e-06,  1.29607813e-01,  5.20710128e-07 
-2.49642228e-06, -1.29607468e-01, -3.85276239e-07,  2.64791253e-06,  1.39164352e-01 
 5.08639026e-07, -2.67756332e-06, -1.39165348e-01, -1.14531011e-06,  7.91740037e-06 
 4.07990341e-01,  1.34435721e-06, -7.96927875e-06, -4.07990299e-01,  7.12409842e-08 
-5.69418913e-07, -3.00452870e-02, -2.73781106e-07,  6.39882269e-07,  3.00453637e-02 
 7.99254379e-07, -5.55195472e-06, -2.89824539e-01,  4.12498947e-07, -2.72783768e-06 
-1.41771600e-01, -6.49986054e-07,  5.59925144e-06,  2.89825619e-01, -5.31138910e-07 
 2.75995832e-06,  1.41772820e-01 
Mode 11
42
-1.72421958e-07,  2.37889856e-07,  2.08919595e-02, -1.50635384e-07,  4.67016524e-07 
 2.08868845e-02, -1.60202035e-07,  1.89554836e-06,  9.60762863e-02, -3.99553153e-07 
 1.91980259e-06,  9.60801049e-02,  1.13095325e-06, -6.55958558e-06, -3.48404865e-01 
 1.06566298e-06, -6.89387189e-06, -3.48410609e-01,  1.40530911e-07, -1.78660897e-06 
-8.95591251e-02,  3.03681293e-07, -1.72226094e-06, -8.95543540e-02, -2.19273431e-07 
 8.48019825e-07,  4.36936767e-02, -1.06548094e-07,  8.79318023e-07,  4.36936668e-02 
-8.86813752e-07,  7.23326051e-06,  3.87273696e-01, -1.47158160e-06,  8.79744325e-06 
 4.57196683e-01, -1.03651171e-06,  7.68807353e-06,  3.87278655e-01, -1.25693052e-06 
 8.88789879e-06,  4.57204277e-01 
Mode 12
42
 5.04388697e-07, -4.20203822e-06, -2.09817385e-01, -7.05018059e-07,  4.20584756e-06 
 2.09817724e-01, -4.29210843e-07,  3.62324657e-06,  1.87629873e-01,  7.03427796e-07 
-3.77800625e-06, -1.87628037e-01,  1.03223232e-06, -6.15658730e-06, -3.27711717e-01 
-1.03283542e-06,  6.43127352e-06,  3.27705208e-01, -7.07022564e-07,  3.71452613e-06 
 1.93902933e-01,  7.03044252e-07, -3.73936851e-06, -1.93904458e-01, -1.39780822e-07 
-5.32837918e-08, -2.74435405e-03, -5.39453006e-08,  6.67060860e-08,  2.74499698e-03 
-6.78725616e-07,  5.74250040e-06,  3.09971111e-01, -1.40976829e-06,  8.15877468e-06 
 4.23906530e-01,  7.57769559e-07, -6.07323263e-06, -3.09963804e-01,  1.27658648e-06 
-8.24358878e-06, -4.23898002e-01 
Mode 13
42
-7.62685188e-02, -2.70735577e-01,  4.99624300e-06,  7.62685296e-02,  2.70735539e-01 
-4.97436259e-06,  8.98495416e-02,  6.67379627e-02, -1.11227026e-06, -8.98495443e-02 
-6.67379597e-02,  1.05903527e-06,  1.93248350e-01,  1.75436079e-01, -2.55898002e-06 
-1.93248337e-01, -1.75435982e-01,  2.72342680e-06, -1.51477742e-01, -8.54831691e-02 
 1.53243691e-06,  1.51477691e-01,  8.54831397e-02, -8.91827531e-07, -1.89776249e-01 
 1.08389594e-02, -7.68277028e-07,  1.89776218e-01, -1.08389873e-02,  4.34803065e-07 
 2.73199509e-01, -2.96326391e-01,  6.11125535e-06, -3.33588821e-01,  1.10295843e-02 
-1.54299392e-06, -2.73199412e-01,  2.96326322e-01, -6.56761311e-06,  3.33588735e-01 
-1.10296685e-02,  1.23296469e-06 
Mode 14
42
 1.26938021e-06, -3.36294953e-06, -1.94456926e-01,  1.13733196e-06, -3.71468234e-06 
-1.94457171e-01, -8.28831119e-07,  3.67151628e-06,  2.00503336e-01, -8.55105602e-07 
 4.05745248e-06,  2.00503452e-01, -5.14624215e-07, -2.04944572e-06, -8.21854850e-02 
-2.59871591e-07, -1.95258334e-06, -8.21855352e-02, -8.97589720e-07,  1.03292640e-05 
 5.25806667e-01, -1.48818966e-06,  1.02655131e-05,  5.25806918e-01,  1.22962581e-06 
-6.27570517e-06, -3.25092561e-01,  1.59810008e-06, -6.60577183e-06, -3.25092557e-01 
-1.25945652e-06,  3.81819683e-06,  1.55805842e-01,  1.08494630e-06, -1.82735068e-06 
-9.37922282e-02, -1.00845264e-06,  3.70057785e-06,  1.55805822e-01,  9.19484039e-07 
-1.84273432e-06, -9.37921503e-02 
Mode 15
42
-2.50702377e-01, -1.09343356e-01,  1.09395060e-06, -2.50702380e-01, -1.09343459e-01 
 5.94786269e-07,  8.80015036e-02,  3.92351747e-02, -1.03770235e-07,  8.80015227e-02 
 3.92351819e-02,  5.53113365e-09,  2.64880986e-01,  1.62006475e-01, -2.45281929e-06 
 2.64881051e-01,  1.62006450e-01, -2.42045192e-06, -2.11876202e-01, -4.04900522e-02 
 1.39195277e-06, -2.11876180e-01, -4.04900668e-02,  1.57854365e-06, -1.43492539e-01 
 7.02652885e-03, -1.46918116e-06, -1.43492614e-01,  7.02654814e-03, -1.05390400e-06 
 2.90430320e-01, -2.91842805e-01,  6.61962520e-06, -2.87647148e-01,  8.19977181e-03 
-1.40625911e-06,  2.90430348e-01, -2.91842881e-01,  6.99476837e-06, -2.87647231e-01 
 8.19985156e-03, -1.32791812e-06 
Mode 16
42
-1.67005207e-07,  9.22478202e-08,  4.54732549e-03, -2.65328578e-07, -4.00952299e-07 
-4.54732474e-03,  6.78720941e-07, -4.35326327e-06, -2.30710825e-01, -6.76071847e-07 
 4.85326892e-06,  2.30710872e-01, -5.08315176e-08,  7.17470624e-07,  3.85193417e-02 
 2.77259875e-07, -7.10268751e-07, -3.85194174e-02, -1.96775904e-07,  9.52742789e-07 
 4.93767422e-02, -8.50805655e-08, -1.06921618e-06, -4.93767815e-02, -1.42663009e-06 
 1.09329539e-05,  5.68604444e-01,  2.19264655e-06, -1.15138930e-05, -5.68604479e-01 
 6.04970376e-07, -4.09539052e-06, -2.13865220e-01, -6.99197378e-07,  5.21671497e-06 
 2.71625959e-01, -4.77971615e-07,  4.17691054e-06,  2.13865299e-01,  7.89400472e-07 
-5.28578260e-06, -2.71625864e-01 
Mode 17
42
-4.26757897e-07,  2.20589543e-06,  1.11058297e-01, -5.80963792e-07,  1.90814913e-06 
 1.11058347e-01, -4.79804330e-07,  3.38824268e-06,  1.75247887e-01, -4.98819600e-07 
 3.70688833e-06,  1.75247865e-01,  1.41216511e-07, -3.08651596e-07, -1.63226725e-02 
 8.79245673e-08, -3.31300662e-07, -1.63227178e-02,  1.23509077e-06, -7.81070579e-06 
-4.03986286e-01,  1.20012785e-06, -7.95383757e-06, -4.03986352e-01,  1.28247275e-06 
-8.87912543e-06, -4.63474543e-01,  1.83690841e-06, -9.37931965e-06, -4.63474514e-01 
-3.87731269e-07,  3.08095674e-06,  1.63649124e-01,  6.18855184e-07, -4.38384312e-06 
-2.27800779e-01, -4.59952525e-07,  3.29180145e-06,  1.63649161e-01,  7.37686739e-07 
-4.43637686e-06, -2.27800689e-01 
Mode 18
42
-1.78214440e-02, -7.92553503e-03,  1.19624116e-07,  1.71486186e-01,  1.92719445e-01 
-3.27682994e-06, -5.90554065e-02,  8.43899231e-03, -3.30241015e-07, -2.75616861e-02 
 7.05596932e-02, -1.35842157e-06, -1.29575419e-02,  4.49719442e-03, -1.28894505e-07 
 1.25854847e-01, -2.51167448e-01,  5.43482585e-06, -1.22780092e-02,  3.69227130e-03 
-1.35924354e-07,  2.65094583e-02,  5.58054401e-02, -1.00775073e-06, -1.34958660e-02 
 3.64290377e-03, -1.13375015e-07, -8.91192175e-01, -2.08905567e-02, -3.17503864e-06 
 4.23976992e-02, -6.70460666e-02,  1.40939799e-06,  7.41527842e-02,  5.60803401e-03 
 8.27683669e-08, -1.81012756e-02,  2.25302256e-02, -4.47861284e-07,  1.71084418e-01 
-6.24250694e-02,  1.80027795e-06 
Mode 19
42
-2.74510503e-01, -4.54503674e-01,  8.06515445e-06, -1.59403866e-01,  1.33238897e-01 
-3.11852214e-06,  2.81553846e-01,  5.56785990e-01, -9.96445935e-06,  1.49130551e-02 
 1.67583922e-02, -3.19867165e-07,  4.29759167e-02, -2.99202220e-01,  5.85494118e-06 
 8.02899089e-02, -2.32734493e-02,  7.71935639e-07, -3.20695167e-02, -1.35995608e-01 
 2.60208611e-06,  3.68411238e-03,  4.08879445e-02, -7.29339022e-07,  1.42246930e-02 
 1.64637251e-01, -3.25245945e-06,  6.37438302e-03,  7.17716705e-03, -6.03428106e-08 
-1.79501576e-01,  2.31950720e-01, -4.87205902e-06,  2.18362402e-01, -6.37200475e-02 
 1.77161721e-06,  1.60486403e-02,  6.61933405e-03, -8.96196009e-08,  1.81242525e-03 
-9.33630533e-03,  1.81627884e-07 
Mode 20
42
-1.68347610e-01,  1.39506208e-01, -3.24085254e-06, -2.62020753e-01, -4.59986524e-01 
 8.02780497e-06,  2.49867141e-03,  1.91924444e-02, -3.51551113e-07,  2.85168962e-01 
 5.54641822e-01, -1.00602759e-05,  9.18724193e-02, -2.76371453e-02,  7.68761577e-07 
 3.21570878e-02, -2.94051842e-01,  6.01250107e-06,  3.42704521e-03,  4.32590810e-02 
-7.78046814e-07, -3.31759671e-02, -1.38121599e-01,  2.64124208e-06,  7.07422385e-03 
 8.54789695e-03, -1.31700866e-07,  1.72449848e-02,  1.63698038e-01, -2.78274115e-06 
 1.71238457e-02,  9.73584292e-03, -1.58251318e-07, -2.13227390e-03, -1.16923644e-02 
 2.39947903e-07, -1.75031066e-01,  2.21200442e-01, -5.18925501e-06,  2.29896640e-01 
-6.08285944e-02,  2.16854106e-06 
Mode 21
42
 1.63515210e-01,  2.00799390e-01, -3.37924743e-06, -1.58749960e-02, -7.82660565e-03 
 1.09161074e-07,  8.65607199e-03,  4.81010872e-02, -9.08173402e-07, -1.18342592e-02 
-1.89929925e-02,  3.61179222e-07,  1.35262031e-01, -2.50364363e-01,  5.16846787e-06 
-1.95969531e-02,  1.53087819e-02, -3.77234647e-07,  2.79828054e-02,  5.77703253e-02 
-1.10839730e-06, -1.37184449e-02,  2.69147481e-03, -1.40376705e-07, -9.05340435e-01 
-2.86790914e-02, -1.78383547e-06, -1.43429759e-02, -5.65888469e-03,  1.26654651e-08 
-6.09931915e-02,  9.05955435e-02, -1.90788399e-06,  7.93602675e-02, -6.84748806e-02 
 1.53305807e-06,  1.38614502e-03, -7.24702222e-03,  1.57770437e-07, -1.19358527e-02 
 3.77339912e-03, -1.24438292e-07 
Mode 22
42
-1.03979346e-01, -1.20117095e-01,  2.09097778e-06, -2.76011786e-01,  2.17842353e-01 
-5.14008292e-06, -9.24764906e-02, -1.22700437e-01,  2.10439691e-06,  7.28934138e-03 
 2.56282343e-02, -5.17299938e-07,  1.21182646e-01,  2.29545244e-02, -1.23977612e-07 
 8.55096741e-02, -1.97529194e-02,  7.18899862e-07,  8.86033919e-01,  7.73422605e-04 
 2.55319798e-06, -1.00781495e-02,  6.82114182e-02, -1.32464290e-06, -2.68176683e-02 
-3.33720588e-02,  6.46089173e-07,  1.34905122e-02,  1.49207439e-02, -1.96452647e-07 
 7.20935467e-02, -5.09644108e-02,  1.14855484e-06, -5.85491080e-02, -8.62943901e-03 
 4.41364620e-08,  2.01493178e-02,  5.32357252e-03, -4.95868842e-08, -4.38366365e-03 
-9.56425296e-03,  1.70694338e-07 
Mode 23
42
 2.76729944e-01, -2.19491393e-01,  5.09274789e-06,  1.01728030e-01,  1.20102704e-01 
-1.89253695e-06, -6.71422285e-03, -2.35931659e-02,  4.21931782e-07,  8.81153446e-02 
 1.25876791e-01, -2.22390847e-06, -8.55264915e-02,  1.86056434e-02, -5.85386046e-07 
-1.16476319e-01, -2.58105293e-02,  1.21910684e-07,  1.00415752e-02, -6.87664930e-02 
 1.34016995e-06, -8.86105517e-01, -6.72420845e-04, -3.03644998e-06, -1.39180733e-02 
-1.43598752e-02,  2.76568228e-07,  2.76317826e-02,  3.45805952e-02, -4.30138229e-07 
-2.02731203e-02, -5.37608675e-03,  5.78143159e-08,  6.38926738e-03,  9.40772220e-03 
-1.66342898e-07, -7.20141824e-02,  5.25528610e-02, -1.35734542e-06,  5.84823366e-02 
 7.50572475e-03,  9.02195677e-08 
Mode 24
42
-7.74404499e-02,  1.17870894e-02, -4.87546264e-07,  6.17401601e-02,  2.35987694e-02 
-2.76221490e-07, -3.54265940e-02,  5.57233002e-03, -2.01620316e-07,  3.24405615e-01 
-1.66536327e-01,  4.46849287e-06,  2.89736284e-02, -5.42092745e-03,  1.68223046e-07 
 2.45941572e-02,  9.74942540e-03, -3.08236384e-07,  1.14318522e-03,  7.11626260e-03 
-1.35780932e-07, -7.38300365e-03, -2.14768164e-03,  5.10548503e-08, -2.93581674e-03 
 3.84109674e-03, -6.46396845e-08, -1.07197810e-01, -6.13149640e-02,  7.65444056e-07 
 1.08970072e-02, -3.32266626e-03,  9.07519688e-08, -9.21602914e-03, -4.58991606e-03 
 5.04766379e-08, -3.41141342e-01,  5.18211201e-01, -1.11378206e-05, -6.71991697e-01 
-3.94060174e-02, -1.22426139e-06 
Mode 25
42
-1.19241847e-02, -7.88811558e-03,  8.93529739e-08,  3.30865291e-02, -3.01082746e-02 
 6.88850765e-07, -3.21579552e-01,  1.80209291e-01, -4.32295231e-06, -4.22921326e-03 
-1.90050532e-03, -3.63503789e-09, -8.54645278e-03, -4.58408221e-02,  8.30221510e-07 
-1.60687770e-02,  2.51533895e-02, -5.51459836e-07,  1.95602509e-03,  4.41040839e-03 
-5.34995451e-08, -1.03231919e-03, -1.01759898e-02,  2.05953370e-07, -3.64364127e-03 
 5.97299263e-02, -1.14819492e-06,  1.22684866e-01,  4.72619495e-03,  4.28456902e-07 
 3.31327205e-01, -5.05079437e-01,  1.06140689e-05,  6.88574468e-01,  3.02314697e-02 
 1.33831512e-06,  2.16931585e-03, -3.76004184e-03,  5.45143007e-08, -5.87669081e-03 
 7.13630666e-03, -1.57367522e-07 
Mode 26
42
-7.86212158e-02, -7.48646609e-03, -9.86287805e-08, -8.75152977e-02, -2.27641875e-03 
-3.13452453e-07,  7.72751552e-03,  1.23765362e-02, -2.16836774e-07,  6.56616918e-01 
-1.93307500e-01,  6.20452056e-06,  1.22832602e-02, -3.09953166e-03,  9.21472631e-08 
-5.53597467e-01,  2.48227027e-01, -6.83592122e-06,  3.16402578e-02,  1.62664489e-03 
 6.10457790e-08,  6.18573323e-02, -2.51783089e-03,  2.95265839e-07,  2.97949402e-03 
 5.51671616e-03, -9.94387716e-08, -1.69324334e-01, -9.25063829e-02,  1.25128659e-06 
 7.03756338e-03, -6.26122952e-03,  1.32353295e-07,  6.14185396e-03, -6.43588152e-04 
 3.47208547e-08, -1.09307765e-03, -2.17799826e-01,  4.23110944e-06,  2.09504640e-01 
 1.24755271e-01, -1.87541892e-06 
Mode 27
42
-6.40407078e-01,  1.49318611e-01, -4.84896399e-06,  6.47937025e-01, -1.47092229e-01 
 4.97815551e-06,  6.47580415e-02,  2.46104678e-02, -3.06679536e-07, -7.96767012e-02 
-2.93460639e-02,  2.75983886e-07,  6.58394145e-02, -2.06841988e-02,  5.76851143e-07 
-7.21397100e-02,  2.89919284e-02, -8.33501016e-07,  1.95301159e-01,  7.65940741e-02 
-8.86779952e-07, -1.96656001e-01, -7.58623870e-02,  7.96700245e-07, -5.76571764e-02 
 8.94226843e-03, -3.31915959e-07,  7.08165889e-02, -9.62748112e-03,  4.40575056e-07 
 8.28379013e-04,  2.69125096e-02, -5.19064401e-07, -2.33386283e-02, -1.24445843e-02 
 1.78649424e-07,  1.44113981e-02, -5.06917776e-02,  1.04360611e-06,  4.35299462e-02 
 1.61688599e-02, -1.76040023e-07 
Mode 28
42
 9.54048511e-02,  5.04832163e-03,  1.37780273e-07,  8.39272586e-02,  8.66973803e-03 
 1.00414764e-07, -6.58148841e-01,  1.85399982e-01, -5.31945457e-06, -2.25387559e-02 
-1.72596156e-02,  2.62797190e-07,  5.49114316e-01, -2.41529529e-01,  6.11070376e-06 
-2.35766396e-02,  1.40468662e-02, -3.55905210e-07, -6.73162136e-02,  2.95202859e-03 
-2.37839244e-07, -3.10811144e-02, -9.87522615e-04, -9.23866916e-08,  1.78078520e-01 
 9.04468860e-02, -1.23912556e-06,  1.06954907e-02, -6.33821714e-03,  1.70635370e-07 
 2.05878371e-03,  2.15717463e-01, -4.14895071e-06, -2.14402680e-01, -1.23053562e-01 
 1.79536343e-06,  1.36048294e-02, -2.74159108e-02,  5.69322458e-07,  2.49186584e-02 
 6.11106819e-03, -4.79663253e-08 
Mode 29
42
-1.54657456e-02,  3.25458363e-03, -1.10608079e-07,  2.03888097e-02, -2.83532932e-01 
 5.58328677e-06, -1.34906518e-03,  2.49499210e-04, -7.73671394e-09,  8.36781046e-03 
 6.17728340e-04,  2.16819903e-08,  1.16429530e-03,  5.48049243e-04, -7.63709208e-09 
-1.00060882e-03,  4.08337148e-04, -1.17725488e-08,  2.22732461e-04,  1.31168631e-03 
-2.67127305e-08, -4.16347216e-02,  9.57656977e-01, -1.87852308e-05,  3.38032807e-03 
 3.48343708e-04,  3.46811744e-10,  6.92035790e-04, -1.39316144e-05, -5.01173046e-09 
 5.00196504e-04, -3.43879129e-04,  7.60552708e-09, -7.94902009e-04,  2.44552250e-06 
-2.03956586e-09, -1.28068325e-03,  1.88415999e-03, -3.94434383e-08, -2.85653875e-03 
-2.30277011e-06, -1.48328878e-08 
Mode 30
42
-1.29318557e-03, -9.23062436e-05, -4.17067166e-09,  2.75227035e-03,  1.22297603e-03 
-1.19177183e-08,  4.08082723e-04,  1.40665887e-04,  1.60883240e-09,  1.63725487e-02 
-1.03966599e-02,  2.64317797e-07, -1.80769802e-04,  4.91394088e-05, -1.02747976e-09 
-2.48688818e-01, -1.35264258e-01,  1.98345995e-06,  4.16199417e-05,  2.05595099e-04 
-6.07048566e-09,  7.54040124e-04,  1.14800895e-05,  5.36328333e-09,  9.85847689e-06 
 7.29166288e-06,  2.55774027e-09, -1.90151281e-03, -3.39969174e-03,  5.75448478e-08 
-6.78404158e-05,  3.02380938e-05,  1.06594559e-10,  5.74923389e-06,  3.82709276e-05 
-2.13325543e-09,  8.08070183e-01,  5.15885207e-01, -8.02625234e-06, -1.10943740e-02 
-1.47133225e-02,  2.66149453e-07 
Mode 31
42
 3.62167868e-04, -3.27751373e-04,  1.29115085e-08, -7.93974088e-03, -3.72002367e-04 
-2.75950656e-08,  6.58999828e-04, -8.17022854e-04,  1.25536089e-08, -2.31801395e-02 
 2.84380031e-01, -5.85722900e-06,  8.07229036e-05,  2.61502991e-04, -2.86275424e-09 
 1.51667889e-02, -5.95465796e-03,  1.70790942e-07,  3.16902216e-03, -4.10640021e-05 
 1.41265298e-08, -3.07640129e-04,  3.85831092e-05, -8.52651781e-09, -7.65972859e-04 
-3.01784401e-04, -1.50702761e-09,  4.78619424e-02, -9.57047787e-01,  1.96543959e-05 
 9.72872099e-05, -1.50372899e-04,  2.11517864e-09,  4.40721858e-05,  7.00515022e-05 
 3.38876656e-09,  1.84399938e-03,  3.16578792e-03, -5.64030719e-08, -6.96751141e-04 
-2.14412011e-03,  3.14164256e-08 
Mode 32
42
-7.93974155e-03, -3.72003245e-04, -1.19209598e-08,  3.62166994e-04, -3.27752557e-04 
 4.86494574e-09, -2.31801747e-02,  2.84380027e-01, -5.52058320e-06,  6.58999798e-04 
-8.17023554e-04,  1.92738821e-08,  1.51667887e-02, -5.95465287e-03,  1.55496176e-07 
 8.07250988e-05,  2.61503399e-04, -4.61177074e-09, -3.07639944e-04,  3.85828899e-05 
-2.17794745e-10,  3.16902278e-03, -4.10610577e-05,  1.25654946e-08,  4.78620670e-02 
-9.57047782e-01,  1.84855347e-05, -7.65973064e-04, -3.01784395e-04,  3.97398587e-09 
 1.84399992e-03,  3.16578680e-03, -5.36291076e-08, -6.96750272e-04, -2.14412097e-03 
 3.83422065e-08,  9.72795972e-05, -1.50377339e-04,  2.91857263e-09,  4.40720092e-05 
 7.00542625e-05, -2.81832022e-09 
Mode 33
42
-2.75227088e-03, -1.22297539e-03,  1.68652058e-08,  1.29318590e-03,  9.23067305e-05 
 1.83430863e-09, -1.63725583e-02,  1.03966615e-02, -2.44467454e-07, -4.08083267e-04 
-1.40663598e-04,  2.26473473e-09,  2.48688815e-01,  1.35264277e-01, -1.90373474e-06 
 1.80771213e-04, -4.91417383e-05,  1.73897322e-09, -7.54039910e-04, -1.14843301e-05 
-1.60112455e-09, -4.16201207e-05, -2.05596771e-04,  3.00234423e-09,  1.90151305e-03 
 3.39969294e-03, -6.23110744e-08, -9.85799702e-06, -7.29964154e-06,  1.20367509e-09 
-8.08070143e-01, -5.15885267e-01,  7.64360698e-06,  1.10943788e-02,  1.47133158e-02 
-2.51030951e-07,  6.78374725e-05, -3.02403420e-05,  1.10436422e-09, -5.74996278e-06 
-3.82633520e-05,  3.30539179e-10 
Mode 34
42
 2.00510280e-03, -1.97762862e-04,  9.16543274e-09, -1.56492167e-03, -4.67305572e-04 
 4.56590784e-09,  1.88684891e-02, -4.41390976e-03,  1.35669663e-07,  3.94788155e-04 
 1.76139835e-04, -2.51602890e-09, -4.31871872e-02,  2.77138097e-01, -5.44331999e-06 
-2.13960597e-04,  3.00955147e-05, -1.42905646e-09, -3.34430155e-03, -3.82813364e-04 
-3.30819016e-10,  7.77354697e-04, -3.69644946e-05,  4.04944229e-09, -1.78508039e-03 
-2.12697563e-03,  3.58081007e-08, -7.11242641e-05,  6.04187557e-05, -2.07891883e-09 
 4.29122540e-03,  1.89043225e-02, -3.52645674e-07,  8.19375910e-02, -9.55948566e-01 
 1.85966386e-05, -6.19949231e-05,  2.22524091e-05, -5.15629900e-10,  2.82232801e-05 
 2.20685851e-05,  2.92303994e-11 
Mode 35
42
-1.56492081e-03, -4.67307846e-04,  6.73237958e-09,  2.00510221e-03, -1.97764632e-04 
 7.44378093e-09,  3.94788032e-04,  1.76141241e-04, -6.36329594e-09,  1.88684796e-02 
-4.41390955e-03,  1.59402566e-07, -2.13959282e-04,  3.01022517e-05,  7.06115083e-10 
-4.31871136e-02,  2.77138104e-01, -5.54330431e-06,  7.77354002e-04, -3.69551010e-05 
 7.36060707e-09, -3.34430148e-03, -3.82809697e-04, -4.75014743e-09, -7.11242522e-05 
 6.04164489e-05, -5.57439580e-09, -1.78507901e-03, -2.12697601e-03,  4.65385208e-08 
-6.20005858e-05,  2.22495800e-05, -1.98989503e-09,  2.82248816e-05,  2.20513440e-05 
 3.44900611e-09,  4.29123772e-03,  1.89043149e-02, -3.51725887e-07,  8.19373541e-02 
-9.55948588e-01,  1.88551346e-05 
Mode 36
42
 2.03888420e-02, -2.83532935e-01,  5.56005872e-06, -1.54657496e-02,  3.25458927e-03 
-1.12164924e-07,  8.36781111e-03,  6.17730561e-04,  7.88703160e-09, -1.34906426e-03 
 2.49500562e-04, -9.24511047e-09, -1.00060855e-03,  4.08338346e-04, -9.08770833e-09 
 1.16429534e-03,  5.48045754e-04, -6.93256832e-09, -4.16348258e-02,  9.57656970e-01 
-1.86754303e-05,  2.22732823e-04,  1.31168136e-03, -2.26620217e-08,  6.92036536e-04 
-1.39315845e-05,  2.17986312e-09,  3.38032752e-03,  3.48339663e-04,  3.67407549e-09 
-1.28068679e-03,  1.88415681e-03, -3.98019597e-08, -2.85653697e-03, -2.30701368e-06 
-1.07351502e-08,  5.00197851e-04, -3.43878005e-04,  9.01951378e-09, -7.94902516e-04 
 2.45560503e-06, -4.92868033e-09 
